<?xml version="1.0" encoding="UTF-8"?>
<!-- Generated by org.testng.reporters.JUnitReportReporter -->
<testsuite skipped="0" hostname="LAPTOP-IMJ3K23L" name="testScripts.SignonTest" tests="1" failures="0" timestamp="16 Nov 2020 01:40:01 GMT" time="18.784" errors="0">
  <testcase name="verifySignonPage" time="18.784" classname="testScripts.SignonTest"/>
</testsuite> <!-- testScripts.SignonTest -->
