<?xml version="1.0" encoding="UTF-8"?>
<!-- Generated by org.testng.reporters.JUnitReportReporter -->
<testsuite skipped="0" hostname="LAPTOP-IMJ3K23L" name="testScripts.LoginTest" tests="1" failures="0" timestamp="16 Nov 2020 01:40:01 GMT" time="24.400" errors="0">
  <testcase name="verifyTitle" time="24.400" classname="testScripts.LoginTest"/>
</testsuite> <!-- testScripts.LoginTest -->
